<?xml version="1.0" encoding="UTF-8"?>
<!-- Generated by org.testng.reporters.JUnitXMLReporter -->
<testsuite ignored="0" hostname="LTIN504051" failures="0" tests="4" name="Test1" time="0.061" errors="0" timestamp="2024-10-22T00:02:02 IST">
  <testcase classname="TestNG.AllAnnotations" name="search" time="0.004"/>
  <testcase classname="TestNG.AllAnnotations" name="advanceSearch" time="0.001"/>
  <testcase classname="TestNG.ClassAnnotation" name="search" time="0.001"/>
  <testcase classname="TestNG.ClassAnnotation" name="advanceSearch" time="0.001"/>
</testsuite> <!-- Test1 -->
