<?xml version="1.0" encoding="UTF-8"?>
<!-- Generated by org.testng.reporters.JUnitXMLReporter -->
<testsuite ignored="0" hostname="LTIN504051" failures="0" tests="4" name="Test2" time="0.017" errors="0" timestamp="2024-09-15T22:03:09 IST">
  <testcase classname="TestNG.xmlAnnotations1" name="search" time="0.001"/>
  <testcase classname="TestNG.xmlAnnotations2" name="advanceSearch" time="0.002"/>
  <testcase classname="TestNG.AllAnnotations" name="search" time="0.001"/>
  <testcase classname="TestNG.AllAnnotations" name="advanceSearch" time="0.0"/>
</testsuite> <!-- Test2 -->
