<?xml version="1.0" encoding="UTF-8"?>
<testng-results ignored="0" total="1" passed="1" failed="0" skipped="0">
  <reporter-output>
  </reporter-output>
  <suite started-at="2024-11-03T19:06:35 IST" name="Default suite" finished-at="2024-11-03T19:06:53 IST" duration-ms="18167">
    <groups>
    </groups>
    <test started-at="2024-11-03T19:06:35 IST" name="Default test" finished-at="2024-11-03T19:06:53 IST" duration-ms="18167">
      <class name="WindowNavigations.Navigations">
        <test-method signature="windowNavigation()[pri:0, instance:WindowNavigations.Navigations@28701274]" started-at="2024-11-03T19:06:35 IST" name="windowNavigation" finished-at="2024-11-03T19:06:53 IST" duration-ms="18108" status="PASS">
          <reporter-output>
          </reporter-output>
        </test-method> <!-- windowNavigation -->
      </class> <!-- WindowNavigations.Navigations -->
    </test> <!-- Default test -->
  </suite> <!-- Default suite -->
</testng-results>
