<?xml version="1.0" encoding="UTF-8"?>
<testng-results ignored="0" total="1" passed="1" failed="0" skipped="0">
  <reporter-output>
  </reporter-output>
  <suite started-at="2024-09-23T23:01:35 IST" name="Suite" finished-at="2024-09-23T23:01:48 IST" duration-ms="12413">
    <groups>
    </groups>
    <test started-at="2024-09-23T23:01:35 IST" name="Test" finished-at="2024-09-23T23:01:48 IST" duration-ms="12413">
      <class name="PageObjectModel.logInTest">
        <test-method is-config="true" signature="setUp()[pri:0, instance:PageObjectModel.logInTest@48075da3]" started-at="2024-09-23T23:01:35 IST" name="setUp" finished-at="2024-09-23T23:01:44 IST" duration-ms="8894" status="PASS">
          <reporter-output>
          </reporter-output>
        </test-method> <!-- setUp -->
        <test-method signature="testLogIn()[pri:0, instance:PageObjectModel.logInTest@48075da3]" started-at="2024-09-23T23:01:44 IST" name="testLogIn" finished-at="2024-09-23T23:01:46 IST" duration-ms="1641" status="PASS">
          <reporter-output>
          </reporter-output>
        </test-method> <!-- testLogIn -->
        <test-method is-config="true" signature="tearDown()[pri:0, instance:PageObjectModel.logInTest@48075da3]" started-at="2024-09-23T23:01:46 IST" name="tearDown" finished-at="2024-09-23T23:01:48 IST" duration-ms="1804" status="PASS">
          <reporter-output>
          </reporter-output>
        </test-method> <!-- tearDown -->
      </class> <!-- PageObjectModel.logInTest -->
    </test> <!-- Test -->
  </suite> <!-- Suite -->
</testng-results>
